09-17 18:48:29 archive_project.action_archive_project 101:Archive plugin version: 26 started
09-17 18:48:34 archive_project.action_archive_project 154:Starting archiving schematics and documentation files
09-17 18:48:34 archive_project.archive_project 131:Starting to archive symbols
09-17 18:48:34 archive_project.archive_project 138:Pcb filename:C:/Users/Robin/Desktop/GitHub/Light_trainer/4_Fabrication/Version_00/C_KiCAD/Light_trainer/Light_trainer.kicad_pcb
09-17 18:48:34 archive_project.archive_project 150:Kicad config path: C:\Users\Robin\AppData\Roaming\kicad
09-17 18:48:34 archive_project.archive_project 220:Entering archive library in sym-lib-table
09-17 18:48:34 archive_project.archive_project 309:found all subsheets
09-17 18:48:34 archive_project.archive_project 317:Archiving file: C:\Users\Robin\Desktop\GitHub\Light_trainer\4_Fabrication\Version_00\C_KiCAD\Light_trainer\Light_trainer.sch
09-17 18:48:34 archive_project.archive_project 370:Trying to archive documentation file: "https://www.ckswitches.com/media/1471/pts645.pdf"
09-17 18:48:34 archive_project.archive_project 373:File is encoded with URL
09-17 18:48:34 archive_project.archive_project 386:Downloading file
09-17 18:48:34 archive_project.archive_project 394:Failed to download file
09-17 18:48:34 archive_project.archive_project 370:Trying to archive documentation file: "https://www.ckswitches.com/media/1471/pts645.pdf"
09-17 18:48:34 archive_project.archive_project 373:File is encoded with URL
09-17 18:48:34 archive_project.archive_project 386:Downloading file
09-17 18:48:34 archive_project.archive_project 394:Failed to download file
09-17 18:48:34 archive_project.archive_project 370:Trying to archive documentation file: "https://www.ckswitches.com/media/1471/pts645.pdf"
09-17 18:48:34 archive_project.archive_project 373:File is encoded with URL
09-17 18:48:34 archive_project.archive_project 386:Downloading file
09-17 18:48:34 archive_project.archive_project 394:Failed to download file
09-17 18:48:34 archive_project.archive_project 370:Trying to archive documentation file: "https://www.ckswitches.com/media/1471/pts645.pdf"
09-17 18:48:34 archive_project.archive_project 373:File is encoded with URL
09-17 18:48:34 archive_project.archive_project 386:Downloading file
09-17 18:48:34 archive_project.archive_project 394:Failed to download file
09-17 18:48:34 archive_project.archive_project 370:Trying to archive documentation file: "https://cdn-shop.adafruit.com/product-files/1138/SK6812+LED+datasheet+.pdf"
09-17 18:48:34 archive_project.archive_project 373:File is encoded with URL
09-17 18:48:34 archive_project.archive_project 386:Downloading file
09-17 18:48:34 archive_project.archive_project 394:Failed to download file
09-17 18:48:34 archive_project.archive_project 370:Trying to archive documentation file: "https://cdn-shop.adafruit.com/product-files/1138/SK6812+LED+datasheet+.pdf"
09-17 18:48:34 archive_project.archive_project 373:File is encoded with URL
09-17 18:48:34 archive_project.archive_project 386:Downloading file
09-17 18:48:34 archive_project.archive_project 394:Failed to download file
09-17 18:48:34 archive_project.archive_project 370:Trying to archive documentation file: "https://cdn-shop.adafruit.com/product-files/1138/SK6812+LED+datasheet+.pdf"
09-17 18:48:34 archive_project.archive_project 373:File is encoded with URL
09-17 18:48:34 archive_project.archive_project 386:Downloading file
09-17 18:48:34 archive_project.archive_project 394:Failed to download file
09-17 18:48:34 archive_project.archive_project 370:Trying to archive documentation file: "https://cdn-shop.adafruit.com/product-files/1138/SK6812+LED+datasheet+.pdf"
09-17 18:48:34 archive_project.archive_project 373:File is encoded with URL
09-17 18:48:34 archive_project.archive_project 386:Downloading file
09-17 18:48:34 archive_project.archive_project 394:Failed to download file
09-17 18:48:34 archive_project.archive_project 370:Trying to archive documentation file: "https://media.digikey.com/pdf/Data%20Sheets/Espressif%20PDFs/ESP32-DevKitC_GSG_Ver1.4_2017.pdf"
09-17 18:48:34 archive_project.archive_project 373:File is encoded with URL
09-17 18:48:34 archive_project.archive_project 386:Downloading file
09-17 18:48:34 archive_project.archive_project 394:Failed to download file
09-17 18:48:34 archive_project.archive_project 370:Trying to archive documentation file: "https://www.analog.com/media/en/technical-documentation/data-sheets/3525fc.pdf"
09-17 18:48:34 archive_project.archive_project 373:File is encoded with URL
09-17 18:48:34 archive_project.archive_project 386:Downloading file
09-17 18:48:35 archive_project.archive_project 394:Failed to download file
09-17 18:48:35 archive_project.archive_project 370:Trying to archive documentation file: "https://cdn-shop.adafruit.com/product-files/1138/SK6812+LED+datasheet+.pdf"
09-17 18:48:35 archive_project.archive_project 373:File is encoded with URL
09-17 18:48:35 archive_project.archive_project 386:Downloading file
09-17 18:48:35 archive_project.archive_project 394:Failed to download file
09-17 18:48:35 archive_project.archive_project 370:Trying to archive documentation file: "https://www.ckswitches.com/media/1429/1000.pdf"
09-17 18:48:35 archive_project.archive_project 373:File is encoded with URL
09-17 18:48:35 archive_project.archive_project 386:Downloading file
09-17 18:48:35 archive_project.archive_project 394:Failed to download file
09-17 18:48:35 archive_project.archive_project 458:Writing schematics file(s)
09-17 18:48:36 archive_project.action_archive_project 202:Starting 3D model archiving
09-17 18:48:36 archive_project.archive_project 473:Starting to archive 3D models
09-17 18:48:36 archive_project.archive_project 485:KISYS3DMOD path: C:\Program Files\KiCad\share\kicad\modules\packages3d
09-17 18:48:36 archive_project.archive_project 512:Trying to copy: C:/Users/Robin/Downloads/keystone-PN2464.STEP
09-17 18:48:36 archive_project.archive_project 565:Remapping: C:/Users/Robin/Downloads/keystone-PN2464.STEP
09-17 18:48:36 archive_project.archive_project 512:Trying to copy: C:/Users/Robin/Downloads/CKCOMPONENTS_1101M2S5CQE2/1101M2S5CQE2.stp
09-17 18:48:36 archive_project.archive_project 565:Remapping: C:/Users/Robin/Downloads/CKCOMPONENTS_1101M2S5CQE2/1101M2S5CQE2.stp
09-17 18:48:36 archive_project.archive_project 512:Trying to copy: C:/Users/Robin/Desktop/GitHub/Light_trainer/4_Fabrication/Version_00/D_LIBS/ESP32-DEVKITC-32D--3DModel-STEP-56544.STEP
09-17 18:48:36 archive_project.archive_project 565:Remapping: C:/Users/Robin/Desktop/GitHub/Light_trainer/4_Fabrication/Version_00/D_LIBS/ESP32-DEVKITC-32D--3DModel-STEP-56544.STEP
09-17 18:48:36 archive_project.archive_project 512:Trying to copy: C:/Users/Robin/Downloads/eec.models/Cherry_-_MX1A-11NW.step
09-17 18:48:36 archive_project.archive_project 565:Remapping: C:/Users/Robin/Downloads/eec.models/Cherry_-_MX1A-11NW.step
09-17 18:48:36 archive_project.archive_project 512:Trying to copy: ${KIPRJMOD}/shapes3D/Cherry_-_MX1A-11NW.step
09-17 18:48:36 archive_project.archive_project 565:Remapping: ${KIPRJMOD}/shapes3D/Cherry_-_MX1A-11NW.step
09-17 18:48:36 archive_project.archive_project 512:Trying to copy: C:/Users/Robin/Downloads/eec.models/Cherry_-_MX1A-11NW.step
09-17 18:48:36 archive_project.archive_project 565:Remapping: C:/Users/Robin/Downloads/eec.models/Cherry_-_MX1A-11NW.step
09-17 18:48:36 archive_project.archive_project 512:Trying to copy: ${KIPRJMOD}/shapes3D/Cherry_-_MX1A-11NW.step
09-17 18:48:36 archive_project.archive_project 565:Remapping: ${KIPRJMOD}/shapes3D/Cherry_-_MX1A-11NW.step
09-17 18:48:36 archive_project.archive_project 512:Trying to copy: C:/Users/Robin/Downloads/eec.models/Cherry_-_MX1A-11NW.step
09-17 18:48:36 archive_project.archive_project 565:Remapping: C:/Users/Robin/Downloads/eec.models/Cherry_-_MX1A-11NW.step
09-17 18:48:36 archive_project.archive_project 512:Trying to copy: ${KIPRJMOD}/shapes3D/Cherry_-_MX1A-11NW.step
09-17 18:48:36 archive_project.archive_project 565:Remapping: ${KIPRJMOD}/shapes3D/Cherry_-_MX1A-11NW.step
09-17 18:48:36 archive_project.archive_project 512:Trying to copy: C:/Users/Robin/Downloads/eec.models/Cherry_-_MX1A-11NW.step
09-17 18:48:36 archive_project.archive_project 565:Remapping: C:/Users/Robin/Downloads/eec.models/Cherry_-_MX1A-11NW.step
09-17 18:48:36 archive_project.archive_project 512:Trying to copy: ${KIPRJMOD}/shapes3D/Cherry_-_MX1A-11NW.step
09-17 18:48:36 archive_project.archive_project 565:Remapping: ${KIPRJMOD}/shapes3D/Cherry_-_MX1A-11NW.step
09-17 18:48:36 archive_project.archive_project 512:Trying to copy: ${KISYS3DMOD}/Resistor_SMD.3dshapes/R_1206_3216Metric.wrl
09-17 18:48:36 archive_project.archive_project 565:Remapping: ${KISYS3DMOD}/Resistor_SMD.3dshapes/R_1206_3216Metric.wrl
09-17 18:48:36 archive_project.archive_project 512:Trying to copy: ${KISYS3DMOD}/Package_TO_SOT_SMD.3dshapes/SOT-363_SC-70-6.wrl
09-17 18:48:36 archive_project.archive_project 565:Remapping: ${KISYS3DMOD}/Package_TO_SOT_SMD.3dshapes/SOT-363_SC-70-6.wrl
09-17 18:48:36 archive_project.archive_project 512:Trying to copy: ${KISYS3DMOD}/Inductor_SMD.3dshapes/L_1210_3225Metric.wrl
09-17 18:48:36 archive_project.archive_project 565:Remapping: ${KISYS3DMOD}/Inductor_SMD.3dshapes/L_1210_3225Metric.wrl
09-17 18:48:36 archive_project.archive_project 512:Trying to copy: ${KISYS3DMOD}/Capacitor_SMD.3dshapes/C_0805_2012Metric.wrl
09-17 18:48:36 archive_project.archive_project 565:Remapping: ${KISYS3DMOD}/Capacitor_SMD.3dshapes/C_0805_2012Metric.wrl
09-17 18:48:36 archive_project.archive_project 512:Trying to copy: ${KISYS3DMOD}/Capacitor_SMD.3dshapes/C_0805_2012Metric.wrl
09-17 18:48:36 archive_project.archive_project 565:Remapping: ${KISYS3DMOD}/Capacitor_SMD.3dshapes/C_0805_2012Metric.wrl
09-17 18:48:36 archive_project.archive_project 512:Trying to copy: ${KISYS3DMOD}/LED_SMD.3dshapes/LED_SK6812_PLCC4_5.0x5.0mm_P3.2mm.wrl
09-17 18:48:36 archive_project.archive_project 565:Remapping: ${KISYS3DMOD}/LED_SMD.3dshapes/LED_SK6812_PLCC4_5.0x5.0mm_P3.2mm.wrl
09-17 18:48:36 archive_project.archive_project 512:Trying to copy: ${KISYS3DMOD}/LED_SMD.3dshapes/LED_SK6812_PLCC4_5.0x5.0mm_P3.2mm.wrl
09-17 18:48:36 archive_project.archive_project 565:Remapping: ${KISYS3DMOD}/LED_SMD.3dshapes/LED_SK6812_PLCC4_5.0x5.0mm_P3.2mm.wrl
09-17 18:48:36 archive_project.archive_project 512:Trying to copy: ${KISYS3DMOD}/LED_SMD.3dshapes/LED_SK6812_PLCC4_5.0x5.0mm_P3.2mm.wrl
09-17 18:48:36 archive_project.archive_project 565:Remapping: ${KISYS3DMOD}/LED_SMD.3dshapes/LED_SK6812_PLCC4_5.0x5.0mm_P3.2mm.wrl
09-17 18:48:36 archive_project.archive_project 512:Trying to copy: ${KISYS3DMOD}/LED_SMD.3dshapes/LED_SK6812_PLCC4_5.0x5.0mm_P3.2mm.wrl
09-17 18:48:36 archive_project.archive_project 565:Remapping: ${KISYS3DMOD}/LED_SMD.3dshapes/LED_SK6812_PLCC4_5.0x5.0mm_P3.2mm.wrl
09-17 18:48:36 archive_project.archive_project 512:Trying to copy: ${KISYS3DMOD}/LED_SMD.3dshapes/LED_SK6812_PLCC4_5.0x5.0mm_P3.2mm.wrl
09-17 18:48:36 archive_project.archive_project 565:Remapping: ${KISYS3DMOD}/LED_SMD.3dshapes/LED_SK6812_PLCC4_5.0x5.0mm_P3.2mm.wrl
